Start testing: May 28 22:58 EEST
----------------------------------------------------------
1/3 Testing: test_operators
1/3 Test: test_operators
Command: "/mnt/c/Users/photo/Photonics_Group/Ruihuan/kubeflow-tdgl/cpp-tdgl/build/tests/test_operators"
Directory: /mnt/c/Users/photo/Photonics_Group/Ruihuan/kubeflow-tdgl/cpp-tdgl/build/tests
"test_operators" start time: May 28 22:58 EEST
Output:
----------------------------------------------------------
Running main() from /mnt/c/Users/photo/Photonics_Group/Ruihuan/kubeflow-tdgl/cpp-tdgl/build/_deps/googletest-src/googletest/src/gtest_main.cc
[==========] Running 6 tests from 1 test suite.
[----------] Global test environment set-up.
[----------] 6 tests from OperatorTest
[ RUN      ] OperatorTest.MeshDimensions
HDF5-DIAG: Error detected in HDF5 (1.10.10) thread 1:
  #000: ../../../src/H5F.c line 412 in H5Fopen(): unable to open file
    major: File accessibility
    minor: Unable to open file
  #001: ../../../src/H5Fint.c line 1655 in H5F_open(): unable to open file: time = Thu May 28 22:58:25 2026
, name = '/mnt/c/Users/photo/Photonics_Group/Ruihuan/cpp-tdgl/data/reference.h5', tent_flags = 0
    major: File accessibility
    minor: Unable to open file
  #002: ../../../src/H5FD.c line 722 in H5FD_open(): open failed
    major: Virtual File Layer
    minor: Unable to initialize object
  #003: ../../../src/H5FDsec2.c line 351 in H5FD__sec2_open(): unable to open file: name = '/mnt/c/Users/photo/Photonics_Group/Ruihuan/cpp-tdgl/data/reference.h5', errno = 2, error message = 'No such file or directory', flags = 0, o_flags = 0
    major: File accessibility
    minor: Unable to open file
unknown file: Failure
C++ exception with description "Unable to open file /mnt/c/Users/photo/Photonics_Group/Ruihuan/cpp-tdgl/data/reference.h5 (File accessibility) Unable to open file" thrown in SetUp().

[  FAILED  ] OperatorTest.MeshDimensions (35 ms)
[ RUN      ] OperatorTest.LaplacianOfOnes
HDF5-DIAG: Error detected in HDF5 (1.10.10) thread 1:
  #000: ../../../src/H5F.c line 412 in H5Fopen(): unable to open file
    major: File accessibility
    minor: Unable to open file
  #001: ../../../src/H5Fint.c line 1655 in H5F_open(): unable to open file: time = Thu May 28 22:58:25 2026
, name = '/mnt/c/Users/photo/Photonics_Group/Ruihuan/cpp-tdgl/data/reference.h5', tent_flags = 0
    major: File accessibility
    minor: Unable to open file
  #002: ../../../src/H5FD.c line 722 in H5FD_open(): open failed
    major: Virtual File Layer
    minor: Unable to initialize object
  #003: ../../../src/H5FDsec2.c line 351 in H5FD__sec2_open(): unable to open file: name = '/mnt/c/Users/photo/Photonics_Group/Ruihuan/cpp-tdgl/data/reference.h5', errno = 2, error message = 'No such file or directory', flags = 0, o_flags = 0
    major: File accessibility
    minor: Unable to open file
unknown file: Failure
C++ exception with description "Unable to open file /mnt/c/Users/photo/Photonics_Group/Ruihuan/cpp-tdgl/data/reference.h5 (File accessibility) Unable to open file" thrown in SetUp().

[  FAILED  ] OperatorTest.LaplacianOfOnes (0 ms)
[ RUN      ] OperatorTest.SupercurrentZeroForUniformPsi
HDF5-DIAG: Error detected in HDF5 (1.10.10) thread 1:
  #000: ../../../src/H5F.c line 412 in H5Fopen(): unable to open file
    major: File accessibility
    minor: Unable to open file
  #001: ../../../src/H5Fint.c line 1655 in H5F_open(): unable to open file: time = Thu May 28 22:58:25 2026
, name = '/mnt/c/Users/photo/Photonics_Group/Ruihuan/cpp-tdgl/data/reference.h5', tent_flags = 0
    major: File accessibility
    minor: Unable to open file
  #002: ../../../src/H5FD.c line 722 in H5FD_open(): open failed
    major: Virtual File Layer
    minor: Unable to initialize object
  #003: ../../../src/H5FDsec2.c line 351 in H5FD__sec2_open(): unable to open file: name = '/mnt/c/Users/photo/Photonics_Group/Ruihuan/cpp-tdgl/data/reference.h5', errno = 2, error message = 'No such file or directory', flags = 0, o_flags = 0
    major: File accessibility
    minor: Unable to open file
unknown file: Failure
C++ exception with description "Unable to open file /mnt/c/Users/photo/Photonics_Group/Ruihuan/cpp-tdgl/data/reference.h5 (File accessibility) Unable to open file" thrown in SetUp().

[  FAILED  ] OperatorTest.SupercurrentZeroForUniformPsi (0 ms)
[ RUN      ] OperatorTest.PoissonSolverIdentity
HDF5-DIAG: Error detected in HDF5 (1.10.10) thread 1:
  #000: ../../../src/H5F.c line 412 in H5Fopen(): unable to open file
    major: File accessibility
    minor: Unable to open file
  #001: ../../../src/H5Fint.c line 1655 in H5F_open(): unable to open file: time = Thu May 28 22:58:25 2026
, name = '/mnt/c/Users/photo/Photonics_Group/Ruihuan/cpp-tdgl/data/reference.h5', tent_flags = 0
    major: File accessibility
    minor: Unable to open file
  #002: ../../../src/H5FD.c line 722 in H5FD_open(): open failed
    major: Virtual File Layer
    minor: Unable to initialize object
  #003: ../../../src/H5FDsec2.c line 351 in H5FD__sec2_open(): unable to open file: name = '/mnt/c/Users/photo/Photonics_Group/Ruihuan/cpp-tdgl/data/reference.h5', errno = 2, error message = 'No such file or directory', flags = 0, o_flags = 0
    major: File accessibility
    minor: Unable to open file
unknown file: Failure
C++ exception with description "Unable to open file /mnt/c/Users/photo/Photonics_Group/Ruihuan/cpp-tdgl/data/reference.h5 (File accessibility) Unable to open file" thrown in SetUp().

[  FAILED  ] OperatorTest.PoissonSolverIdentity (0 ms)
[ RUN      ] OperatorTest.PsiUpdateFirstStep
HDF5-DIAG: Error detected in HDF5 (1.10.10) thread 1:
  #000: ../../../src/H5F.c line 412 in H5Fopen(): unable to open file
    major: File accessibility
    minor: Unable to open file
  #001: ../../../src/H5Fint.c line 1655 in H5F_open(): unable to open file: time = Thu May 28 22:58:25 2026
, name = '/mnt/c/Users/photo/Photonics_Group/Ruihuan/cpp-tdgl/data/reference.h5', tent_flags = 0
    major: File accessibility
    minor: Unable to open file
  #002: ../../../src/H5FD.c line 722 in H5FD_open(): open failed
    major: Virtual File Layer
    minor: Unable to initialize object
  #003: ../../../src/H5FDsec2.c line 351 in H5FD__sec2_open(): unable to open file: name = '/mnt/c/Users/photo/Photonics_Group/Ruihuan/cpp-tdgl/data/reference.h5', errno = 2, error message = 'No such file or directory', flags = 0, o_flags = 0
    major: File accessibility
    minor: Unable to open file
unknown file: Failure
C++ exception with description "Unable to open file /mnt/c/Users/photo/Photonics_Group/Ruihuan/cpp-tdgl/data/reference.h5 (File accessibility) Unable to open file" thrown in SetUp().

[  FAILED  ] OperatorTest.PsiUpdateFirstStep (0 ms)
[ RUN      ] OperatorTest.OperatorCounts
HDF5-DIAG: Error detected in HDF5 (1.10.10) thread 1:
  #000: ../../../src/H5F.c line 412 in H5Fopen(): unable to open file
    major: File accessibility
    minor: Unable to open file
  #001: ../../../src/H5Fint.c line 1655 in H5F_open(): unable to open file: time = Thu May 28 22:58:25 2026
, name = '/mnt/c/Users/photo/Photonics_Group/Ruihuan/cpp-tdgl/data/reference.h5', tent_flags = 0
    major: File accessibility
    minor: Unable to open file
  #002: ../../../src/H5FD.c line 722 in H5FD_open(): open failed
    major: Virtual File Layer
    minor: Unable to initialize object
  #003: ../../../src/H5FDsec2.c line 351 in H5FD__sec2_open(): unable to open file: name = '/mnt/c/Users/photo/Photonics_Group/Ruihuan/cpp-tdgl/data/reference.h5', errno = 2, error message = 'No such file or directory', flags = 0, o_flags = 0
    major: File accessibility
    minor: Unable to open file
unknown file: Failure
C++ exception with description "Unable to open file /mnt/c/Users/photo/Photonics_Group/Ruihuan/cpp-tdgl/data/reference.h5 (File accessibility) Unable to open file" thrown in SetUp().

[  FAILED  ] OperatorTest.OperatorCounts (0 ms)
[----------] 6 tests from OperatorTest (37 ms total)

[----------] Global test environment tear-down
[==========] 6 tests from 1 test suite ran. (37 ms total)
[  PASSED  ] 0 tests.
[  FAILED  ] 6 tests, listed below:
[  FAILED  ] OperatorTest.MeshDimensions
[  FAILED  ] OperatorTest.LaplacianOfOnes
[  FAILED  ] OperatorTest.SupercurrentZeroForUniformPsi
[  FAILED  ] OperatorTest.PoissonSolverIdentity
[  FAILED  ] OperatorTest.PsiUpdateFirstStep
[  FAILED  ] OperatorTest.OperatorCounts

 6 FAILED TESTS
<end of output>
Test time =   0.06 sec
----------------------------------------------------------
Test Failed.
"test_operators" end time: May 28 22:58 EEST
"test_operators" time elapsed: 00:00:00
----------------------------------------------------------

2/3 Testing: test_mesh
2/3 Test: test_mesh
Command: "/mnt/c/Users/photo/Photonics_Group/Ruihuan/kubeflow-tdgl/cpp-tdgl/build/tests/test_mesh"
Directory: /mnt/c/Users/photo/Photonics_Group/Ruihuan/kubeflow-tdgl/cpp-tdgl/build/tests
"test_mesh" start time: May 28 22:58 EEST
Output:
----------------------------------------------------------
Running main() from /mnt/c/Users/photo/Photonics_Group/Ruihuan/kubeflow-tdgl/cpp-tdgl/build/_deps/googletest-src/googletest/src/gtest_main.cc
[==========] Running 1 test from 1 test suite.
[----------] Global test environment set-up.
[----------] 1 test from MeshDummy
[ RUN      ] MeshDummy.Placeholder
[       OK ] MeshDummy.Placeholder (0 ms)
[----------] 1 test from MeshDummy (0 ms total)

[----------] Global test environment tear-down
[==========] 1 test from 1 test suite ran. (0 ms total)
[  PASSED  ] 1 test.
<end of output>
Test time =   0.01 sec
----------------------------------------------------------
Test Passed.
"test_mesh" end time: May 28 22:58 EEST
"test_mesh" time elapsed: 00:00:00
----------------------------------------------------------

3/3 Testing: test_timing
3/3 Test: test_timing
Command: "/mnt/c/Users/photo/Photonics_Group/Ruihuan/kubeflow-tdgl/cpp-tdgl/build/tests/test_timing"
Directory: /mnt/c/Users/photo/Photonics_Group/Ruihuan/kubeflow-tdgl/cpp-tdgl/build/tests
"test_timing" start time: May 28 22:58 EEST
Output:
----------------------------------------------------------
test_parse_simple PASSED
test_parse_with_ramp_down PASSED
All timing tests passed.
<end of output>
Test time =   0.51 sec
----------------------------------------------------------
Test Passed.
"test_timing" end time: May 28 22:58 EEST
"test_timing" time elapsed: 00:00:00
----------------------------------------------------------

End testing: May 28 22:58 EEST
